Error: Invalid or corrupt jarfile /eleves/ohamel/Téléchargements/JFlux
Exception in thread "AWT-EventQueue-0" java.lang.NullPointerException
	at javax.swing.plaf.synth.SynthLookAndFeel.paintRegion(SynthLookAndFeel.java:371)
	at javax.swing.plaf.synth.SynthLookAndFeel.update(SynthLookAndFeel.java:335)
	at javax.swing.plaf.synth.SynthTreeUI.update(SynthTreeUI.java:266)
	at javax.swing.JComponent.paintComponent(JComponent.java:780)
	at javax.swing.JComponent.paint(JComponent.java:1056)
	at javax.swing.JComponent.paintToOffscreen(JComponent.java:5210)
	at javax.swing.BufferStrategyPaintManager.paint(BufferStrategyPaintManager.java:290)
	at javax.swing.RepaintManager.paint(RepaintManager.java:1272)
	at javax.swing.JComponent._paintImmediately(JComponent.java:5158)
	at javax.swing.JComponent.paintImmediately(JComponent.java:4969)
	at javax.swing.RepaintManager$4.run(RepaintManager.java:831)
	at javax.swing.RepaintManager$4.run(RepaintManager.java:814)
	at java.security.AccessController.doPrivileged(Native Method)
	at java.security.ProtectionDomain$JavaSecurityAccessImpl.doIntersectionPrivilege(ProtectionDomain.java:76)
	at javax.swing.RepaintManager.paintDirtyRegions(RepaintManager.java:814)
	at javax.swing.RepaintManager.paintDirtyRegions(RepaintManager.java:789)
	at javax.swing.RepaintManager.prePaintDirtyRegions(RepaintManager.java:738)
	at javax.swing.RepaintManager.access$1200(RepaintManager.java:64)
	at javax.swing.RepaintManager$ProcessingRunnable.run(RepaintManager.java:1732)
	at java.awt.event.InvocationEvent.dispatch(InvocationEvent.java:311)
	at java.awt.EventQueue.dispatchEventImpl(EventQueue.java:756)
	at java.awt.EventQueue.access$500(EventQueue.java:97)
	at java.awt.EventQueue$3.run(EventQueue.java:709)
	at java.awt.EventQueue$3.run(EventQueue.java:703)
	at java.security.AccessController.doPrivileged(Native Method)
	at java.security.ProtectionDomain$JavaSecurityAccessImpl.doIntersectionPrivilege(ProtectionDomain.java:76)
	at java.awt.EventQueue.dispatchEvent(EventQueue.java:726)
	at java.awt.EventDispatchThread.pumpOneEventForFilters(EventDispatchThread.java:201)
	at java.awt.EventDispatchThread.pumpEventsForFilter(EventDispatchThread.java:116)
	at java.awt.EventDispatchThread.pumpEventsForHierarchy(EventDispatchThread.java:105)
	at java.awt.EventDispatchThread.pumpEvents(EventDispatchThread.java:101)
	at java.awt.EventDispatchThread.pumpEvents(EventDispatchThread.java:93)
	at java.awt.EventDispatchThread.run(EventDispatchThread.java:82)
java.lang.NullPointerException
	at java.awt.Cursor.access$000(Cursor.java:46)
	at java.awt.Cursor$1.getPData(Cursor.java:203)
	at sun.awt.X11.XGlobalCursorManager.getCursor(XGlobalCursorManager.java:191)
	at sun.awt.X11.XComponentPeer.pSetCursor(XComponentPeer.java:728)
	at sun.awt.X11.XComponentPeer.pSetCursor(XComponentPeer.java:712)
	at sun.awt.X11.XComponentPeer.postInit(XComponentPeer.java:134)
	at sun.awt.X11.XPanelPeer.postInit(XPanelPeer.java:54)
	at sun.awt.X11.XWindowPeer.postInit(XWindowPeer.java:214)
	at sun.awt.X11.XDecoratedPeer.postInit(XDecoratedPeer.java:97)
	at sun.awt.X11.XFramePeer.postInit(XFramePeer.java:86)
	at sun.awt.X11.XBaseWindow.init(XBaseWindow.java:184)
	at sun.awt.X11.XBaseWindow.<init>(XBaseWindow.java:259)
	at sun.awt.X11.XWindow.<init>(XWindow.java:132)
	at sun.awt.X11.XComponentPeer.<init>(XComponentPeer.java:112)
	at sun.awt.X11.XCanvasPeer.<init>(XCanvasPeer.java:42)
	at sun.awt.X11.XPanelPeer.<init>(XPanelPeer.java:46)
	at sun.awt.X11.XWindowPeer.<init>(XWindowPeer.java:124)
	at sun.awt.X11.XDecoratedPeer.<init>(XDecoratedPeer.java:57)
	at sun.awt.X11.XFramePeer.<init>(XFramePeer.java:54)
	at sun.awt.X11.XToolkit.createFrame(XToolkit.java:350)
	at java.awt.Frame.addNotify(Frame.java:477)
	at java.awt.Window.pack(Window.java:807)
	at ihm.Principale.initComponents(Principale.java:3436)
	at ihm.Principale.<init>(Principale.java:165)
	at ihm.Splash.main(Splash.java:194)
java.lang.NullPointerException
	at java.awt.Cursor.access$002(Cursor.java:46)
	at java.awt.Cursor$1.setPData(Cursor.java:207)
	at sun.awt.X11.XGlobalCursorManager.setPData(XGlobalCursorManager.java:262)
	at sun.awt.X11.XGlobalCursorManager.getCursor(XGlobalCursorManager.java:255)
	at sun.awt.X11.XComponentPeer.pSetCursor(XComponentPeer.java:728)
	at sun.awt.X11.XComponentPeer.pSetCursor(XComponentPeer.java:712)
	at sun.awt.X11.XComponentPeer.postInit(XComponentPeer.java:134)
	at sun.awt.X11.XPanelPeer.postInit(XPanelPeer.java:54)
	at sun.awt.X11.XWindowPeer.postInit(XWindowPeer.java:214)
	at sun.awt.X11.XDecoratedPeer.postInit(XDecoratedPeer.java:97)
	at sun.awt.X11.XFramePeer.postInit(XFramePeer.java:86)
	at sun.awt.X11.XBaseWindow.init(XBaseWindow.java:184)
	at sun.awt.X11.XBaseWindow.<init>(XBaseWindow.java:259)
	at sun.awt.X11.XWindow.<init>(XWindow.java:132)
	at sun.awt.X11.XComponentPeer.<init>(XComponentPeer.java:112)
	at sun.awt.X11.XCanvasPeer.<init>(XCanvasPeer.java:42)
	at sun.awt.X11.XPanelPeer.<init>(XPanelPeer.java:46)
	at sun.awt.X11.XWindowPeer.<init>(XWindowPeer.java:124)
	at sun.awt.X11.XDecoratedPeer.<init>(XDecoratedPeer.java:57)
	at sun.awt.X11.XFramePeer.<init>(XFramePeer.java:54)
	at sun.awt.X11.XToolkit.createFrame(XToolkit.java:350)
	at java.awt.Frame.addNotify(Frame.java:477)
	at java.awt.Window.pack(Window.java:807)
	at ihm.Principale.initComponents(Principale.java:3436)
	at ihm.Principale.<init>(Principale.java:165)
	at ihm.Splash.main(Splash.java:194)
Exception in thread "Thread-0" java.lang.NullPointerException
	at Outil.Parametres.getMac(Parametres.java:908)
	at input.ActivityDay.getURLActivity(ActivityDay.java:45)
	at mythread.ThreadSite.run(ThreadSite.java:26)
